12/21/2023 09:20:06 AM Running experiments with config:
12/21/2023 09:20:06 AM DATABASE: {'host': 'localhost', 'username': 'results', 'password': 'Hallo333!', 'database': 'run2survive', 'table': 'jobs', 'ssl': 'true'}
12/21/2023 09:20:06 AM EXPERIMENTS: {'scenarios': 'TSP-LION2015', 'approaches': 'nPARK_SBAlgorithm,nPARK_SBSchedule,nPARK_SBSchedule_to_SBAlgorithm,sbschedule,schedule,sbs,oracle,mean_optimization_time,unsolved_instances,ExpectationSurvivalForest,PolynomialSurvivalForest,PAR10SurvivalForest', 'amount_of_training_scenario_instances': '-1', 'amount_of_cpus': '1', 'tune_hyperparameters': '0', 'train_status': 'all'}
12/21/2023 09:20:06 AM Read ASlib scenario: aslib_data-master/TSP-LION2015
12/21/2023 09:20:06 AM Optional file not found: aslib_data-master/TSP-LION2015\ground_truth.arff
12/21/2023 09:20:06 AM Read aslib_data-master/TSP-LION2015\description.txt
12/21/2023 09:20:06 AM Have not found algorithm_cutoff_memory
12/21/2023 09:20:06 AM Have not found features_cutoff_time
12/21/2023 09:20:06 AM Assumption FEATURES_CUTOFF_TIME == ALGORITHM_CUTOFF_TIME 
12/21/2023 09:20:06 AM Have not found features_cutoff_memory
12/21/2023 09:20:06 AM Read aslib_data-master/TSP-LION2015\algorithm_runs.arff
12/21/2023 09:20:07 AM Read aslib_data-master/TSP-LION2015\feature_values.arff
12/21/2023 09:20:20 AM Read aslib_data-master/TSP-LION2015\feature_runstatus.arff
12/21/2023 09:20:20 AM Read aslib_data-master/TSP-LION2015\feature_costs.arff
12/21/2023 09:20:20 AM Read aslib_data-master/TSP-LION2015\cv.arff
12/21/2023 09:20:21 AM Replace all runtime data with PAR10 values for non-OK runs
12/21/2023 09:20:21 AM scenario: TSP-LION2015
12/21/2023 09:20:21 AM #instances: 3106
12/21/2023 09:20:21 AM #features: 122
12/21/2023 09:20:21 AM #algorithms: 4
12/21/2023 09:20:21 AM cutoff-time: 3600
12/21/2023 09:20:21 AM Submitted pool task for scenario: TSP-LION2015 on fold 3
12/21/2023 11:04:27 AM Finished all experiments.
